[LOG] System::create                           : Header version = 2.01.07. Current version = 2.01.07.
[LOG] Manager::init                            : maxchannels = 256 studioflags = 00000006 flags 00000000 extradriverdata 0000000000000000.
[LOG] SystemI::init                            : Initialize version=20107 (113487), maxchannels=256, flags=0x00020000
[LOG] SystemI::setOutputInternal               : Setting output to 'FMOD WASAPI Output'
[LOG] OutputWASAPI::init                       : Mix Format (WAVEFORMATEX): wFormatTag=0xFFFE, nChannels=2, nSamplesPerSec=48000, nAvgBytesPerSec=384000, nBlockAlign=8, wBitsPerSample=32, cbSize=22.
[LOG] OutputWASAPI::init                       : Mix Format (WAVEFORMATEXTENSIBLE): wValidBitsPerSample=32, dwChannelMask=0x00000003, SubFormat=00000003-0000-0010-8000-00AA00389B71.
[LOG] OutputWASAPI::init                       : Output buffer size: 4096 samples, latency: 0.00ms, period: 10.00ms, DSP buffer: 1024 * 4
[LOG] Thread::initThread                       : Init FMOD stream thread. Affinity: 0x8000000000000003, Priority: 0xFFFF7FFB, Stack Size: 98304, Semaphore: No, Sleep Time: 10, Looping: Yes.
[LOG] Thread::initThread                       : Init FMOD mixer thread. Affinity: 0x8000000000000001, Priority: 0xFFFF7FFA, Stack Size: 81920, Semaphore: No, Sleep Time: 0, Looping: Yes.
[LOG] AsyncManager::init                       : manager 0000016FFC01D748 isAsync 0 updatePeriod 0.02
[LOG] AsyncManager::init                       : done
[LOG] PlaybackSystem::init                     : 
[LOG] Thread::initThread                       : Init FMOD Studio sample load thread. Affinity: 0x8000000000000003, Priority: 0xFFFF7FFD, Stack Size: 98304, Semaphore: No, Sleep Time: 1, Looping: No.
[LOG] PlaybackSystem::init                     : done
[LOG] Thread::initThread                       : Init FMOD Studio bank load thread. Affinity: 0x8000000000000003, Priority: 0xFFFF7FFD, Stack Size: 98304, Semaphore: No, Sleep Time: 1, Looping: No.
[LOG] Manager::init                            : done.
[LOG] Manager::readBank                        : fileversion = 135, compatVersion = 132 (oldest = 44, newest = 135)
[LOG] Manager::readBank                        : fileversion = 135, compatVersion = 132 (oldest = 44, newest = 135)
[LOG] Manager::readBank                        : fileversion = 135, compatVersion = 132 (oldest = 44, newest = 135)
[LOG] Manager::readBank                        : fileversion = 135, compatVersion = 132 (oldest = 44, newest = 135)
[LOG] SoundI::release                          : Ableton_ Wawa (00000170544F48C8)
[LOG] SoundI::release                          :     Ableton_ Wawa (000001704CD28878)
[LOG] SoundI::release                          :     Ableton_ Wawa (00000170544F32D8)
[LOG] SoundI::release                          : Ableton_ Marimba (00000170544F3488)
[LOG] SoundI::release                          :     Ableton_ Marimba (000001704CD286D8)
[LOG] SoundI::release                          :     Ableton_ Marimba (00000170544F3CF8)
[LOG] SoundI::release                          : Ableton_ JapanesePiano (00000170544EBCB8)
[LOG] SoundI::release                          :     Ableton_ JapanesePiano (000001704CD28538)
[LOG] SoundI::release                          :     Ableton_ JapanesePiano (00000170544F3B48)
[LOG] SoundI::release                          : Ableton_ FX (00000170544F2558)
[LOG] SoundI::release                          :     Ableton_ FX (000001704CD28398)
[LOG] SoundI::release                          :     Ableton_ FX (00000170544F4DD8)
[LOG] SoundI::release                          : Ableton_ Wawa2 (00000170544ED968)
[LOG] SoundI::release                          :     Ableton_ Wawa2 (000001704CD28EF8)
[LOG] SoundI::release                          :     Ableton_ Wawa2 (00000170544F2C18)
[LOG] SoundI::release                          : Ableton_ Violin (00000170544F1478)
[LOG] SoundI::release                          :     Ableton_ Violin (000001704CD281F8)
[LOG] SoundI::release                          :     Ableton_ Violin (00000170544F2A68)
[LOG] SoundI::release                          : Ableton_ Guitar (00000170544F0398)
[LOG] SoundI::release                          :     Ableton_ Guitar (000001704CD28D58)
[LOG] SoundI::release                          :     Ableton_ Guitar (00000170544F4C28)
[LOG] SoundI::release                          : Ableton_ TechSound (00000170544F0038)
[LOG] SoundI::release                          :     Ableton_ TechSound (000001704CD28BB8)
[LOG] SoundI::release                          :     Ableton_ TechSound (00000170544F3998)
[LOG] SoundI::release                          : Ableton_ Piano (00000170544ED7B8)
[LOG] SoundI::release                          :     Ableton_ Piano (000001704CD28A18)
[LOG] SoundI::release                          :     Ableton_ Piano (00000170544F4568)
[LOG] SoundI::release                          : Ableton_ Bass (00000170544EE1D8)
[LOG] SoundI::release                          :     Ableton_ Bass (0000016FAE32C8A8)
[LOG] SoundI::release                          :     Ableton_ Bass (00000170544F4A78)
[LOG] SoundI::release                          : Ableton_ DrumMeh (00000170544EEA48)
[LOG] SoundI::release                          :     Ableton_ DrumMeh (0000016FAE32C708)
[LOG] SoundI::release                          :     Ableton_ DrumMeh (00000170544F28B8)
[LOG] SoundI::release                          : Ableton_ Bells (00000170544EFCD8)
[LOG] SoundI::release                          :     Ableton_ Bells (0000016FAE32C568)
[LOG] SoundI::release                          :     Ableton_ Bells (00000170544F37E8)
[LOG] SoundI::release                          : Ableton_ 14-Drum Rack (00000170544ED608)
[LOG] SoundI::release                          :     Ableton_ 14-Drum Rack (0000016FAE32C3C8)
[LOG] SoundI::release                          :     Ableton_ 14-Drum Rack (00000170544F3638)
[LOG] SoundI::release                          : Ableton_ Flute (00000170544EE388)
[LOG] SoundI::release                          :     Ableton_ Flute (0000016FB764BE78)
[LOG] SoundI::release                          :     Ableton_ Flute (00000170544F4208)
[LOG] Thread::callback                         : FMOD Studio update thread finished.
[LOG] Thread::callback                         : FMOD Studio bank load thread finished.
[LOG] Profile::disconnectAll                   : Profiler disconnecting all clients
[LOG] Thread::callback                         : FMOD Studio sample load thread finished.
[LOG] LiveUpdate::release                      : 
[LOG] LiveUpdate::reset                        : Reset connection (reason Disconnected)
[LOG] Thread::callback                         : FMOD stream thread finished.
[LOG] Thread::callback                         : FMOD mixer thread finished.
[LOG] Profile::disconnectAll                   : Profiler disconnecting all clients
[LOG] SystemI::close                           : Closed.
[LOG] Manager::readBank                        : fileversion = 135, compatVersion = 132 (oldest = 44, newest = 135)
[LOG] Manager::readBank                        : fileversion = 135, compatVersion = 132 (oldest = 44, newest = 135)
[LOG] Manager::readBank                        : fileversion = 135, compatVersion = 132 (oldest = 44, newest = 135)
[LOG] Manager::readBank                        : fileversion = 135, compatVersion = 132 (oldest = 44, newest = 135)
[LOG] Manager::readBank                        : fileversion = 135, compatVersion = 132 (oldest = 44, newest = 135)
[LOG] Manager::readBank                        : fileversion = 135, compatVersion = 132 (oldest = 44, newest = 135)
[LOG] PlaybackSystem::acquireMasterBus         : Setting master channel group format to 6
